<?xml version="1.0" encoding="UTF-8"?>
<!-- Generated by org.testng.reporters.JUnitXMLReporter -->
<testsuite hostname="LAPTOP-N04AR20A" ignored="1" name="Test" tests="7" failures="2" timestamp="01 Aug 2019 17:06:12 GMT" time="0.046" errors="0">
  <testcase name="test1" time="0.012" classname="TestNGDemo.TestNGListenerDemo"/>
  <testcase name="test2" time="0.003" classname="TestNGDemo.TestNGListenerDemo">
    <failure type="java.lang.AssertionError">
      <![CDATA[java.lang.AssertionError
at org.junit.Assert.fail(Assert.java:86)
at org.junit.Assert.assertTrue(Assert.java:41)
at org.junit.Assert.assertTrue(Assert.java:52)
at TestNGDemo.TestNGListenerDemo.test2(TestNGListenerDemo.java:20)
... Removed 25 stack frames]]>
    </failure>
  </testcase> <!-- test2 -->
  <testcase name="test3" time="0.001" classname="TestNGDemo.TestNGListenerDemo"/>
  <testcase name="test4" time="0.001" classname="TestNGDemo.TestNGListenerDemo"/>
  <testcase name="test6" time="0.001" classname="TestNGDemo.TestNGListenerDemo2">
    <failure type="java.lang.AssertionError">
      <![CDATA[java.lang.AssertionError
at org.junit.Assert.fail(Assert.java:86)
at org.junit.Assert.assertTrue(Assert.java:41)
at org.junit.Assert.assertTrue(Assert.java:52)
at TestNGDemo.TestNGListenerDemo2.test6(TestNGListenerDemo2.java:22)
... Removed 25 stack frames]]>
    </failure>
  </testcase> <!-- test6 -->
  <testcase name="test8" time="0.001" classname="TestNGDemo.TestNGListenerDemo2"/>
  <testcase name="test7" time="0.0" classname="TestNGDemo.TestNGListenerDemo2">
    <skipped/>
  </testcase> <!-- test7 -->
  <testcase name="test5" time="0.0" classname="TestNGDemo.TestNGListenerDemo2">
    <ignored/>
  </testcase> <!-- test5 -->
</testsuite> <!-- Test -->
