<?xml version="1.0" encoding="UTF-8"?>
<testng-results skipped="0" failed="0" ignored="0" total="4" passed="4">
  <reporter-output>
  </reporter-output>
  <suite name="Default suite" duration-ms="40051" started-at="2019-08-03T17:03:40Z" finished-at="2019-08-03T17:04:20Z">
    <groups>
    </groups>
    <test name="Default test" duration-ms="40051" started-at="2019-08-03T17:03:40Z" finished-at="2019-08-03T17:04:20Z">
      <class name="TestNGDemo.ExcelDataProvider">
        <test-method status="PASS" signature="setUp()[pri:0, instance:TestNGDemo.ExcelDataProvider@5442a311]" name="setUp" is-config="true" duration-ms="4781" started-at="2019-08-03T17:03:40Z" finished-at="2019-08-03T17:03:44Z">
          <reporter-output>
          </reporter-output>
        </test-method> <!-- setUp -->
        <test-method status="PASS" signature="test1(java.lang.String, java.lang.String)[pri:0, instance:TestNGDemo.ExcelDataProvider@5442a311]" name="test1" duration-ms="11037" started-at="2019-08-03T17:03:45Z" data-provider="test1data" finished-at="2019-08-03T17:03:56Z">
          <params>
            <param index="0">
              <value>
                <![CDATA[Admin]]>
              </value>
            </param>
            <param index="1">
              <value>
                <![CDATA[admin123]]>
              </value>
            </param>
          </params>
          <reporter-output>
          </reporter-output>
        </test-method> <!-- test1 -->
        <test-method status="PASS" signature="test1(java.lang.String, java.lang.String)[pri:0, instance:TestNGDemo.ExcelDataProvider@5442a311]" name="test1" duration-ms="8024" started-at="2019-08-03T17:03:56Z" data-provider="test1data" finished-at="2019-08-03T17:04:04Z">
          <params>
            <param index="0">
              <value>
                <![CDATA[Admin2]]>
              </value>
            </param>
            <param index="1">
              <value>
                <![CDATA[admin1234]]>
              </value>
            </param>
          </params>
          <reporter-output>
          </reporter-output>
        </test-method> <!-- test1 -->
        <test-method status="PASS" signature="test1(java.lang.String, java.lang.String)[pri:0, instance:TestNGDemo.ExcelDataProvider@5442a311]" name="test1" duration-ms="7527" started-at="2019-08-03T17:04:04Z" data-provider="test1data" finished-at="2019-08-03T17:04:12Z">
          <params>
            <param index="0">
              <value>
                <![CDATA[Admin3]]>
              </value>
            </param>
            <param index="1">
              <value>
                <![CDATA[admin2345]]>
              </value>
            </param>
          </params>
          <reporter-output>
          </reporter-output>
        </test-method> <!-- test1 -->
        <test-method status="PASS" signature="test1(java.lang.String, java.lang.String)[pri:0, instance:TestNGDemo.ExcelDataProvider@5442a311]" name="test1" duration-ms="8014" started-at="2019-08-03T17:04:12Z" data-provider="test1data" finished-at="2019-08-03T17:04:20Z">
          <params>
            <param index="0">
              <value>
                <![CDATA[Admin4]]>
              </value>
            </param>
            <param index="1">
              <value>
                <![CDATA[admin3456]]>
              </value>
            </param>
          </params>
          <reporter-output>
          </reporter-output>
        </test-method> <!-- test1 -->
      </class> <!-- TestNGDemo.ExcelDataProvider -->
    </test> <!-- Default test -->
  </suite> <!-- Default suite -->
</testng-results>
